2024-07-28T15:33:43.771+0200 [DEBUG] [org.gradle.launcher.daemon.bootstrap.DaemonMain] Assuming the daemon was started with following jvm opts: [--add-opens=java.base/java.util.concurrent.atomic=ALL-UNNAMED, --add-opens=java.base/java.util=ALL-UNNAMED, --add-opens=java.base/java.lang=ALL-UNNAMED, --add-opens=java.base/java.lang.invoke=ALL-UNNAMED, --add-opens=java.prefs/java.util.prefs=ALL-UNNAMED, --add-opens=java.base/java.nio.charset=ALL-UNNAMED, --add-opens=java.base/java.net=ALL-UNNAMED, --add-opens=java.base/java.util.concurrent.atomic=ALL-UNNAMED, -Xmx2048m, -Dfile.encoding=UTF-8, -Duser.country=DE, -Duser.language=de, -Duser.variant]
2024-07-28T15:33:44.110+0200 [DEBUG] [org.gradle.internal.nativeintegration.services.NativeServices] Native-platform posix files integration is not available. Continuing with fallback.
2024-07-28T15:33:44.134+0200 [INFO] [org.gradle.launcher.daemon.server.Daemon] start() called on daemon - DefaultDaemonContext[uid=90b2a74a-7064-4eac-ae19-76368ee7bbd8,javaHome=C:\Program Files\Android\Android Studio1\jbr,daemonRegistryDir=C:\Users\Name\Desktop\chaquopy-matplotlib-master\gradle\daemon,pid=15428,idleTimeout=10800000,priority=NORMAL,applyInstrumentationAgent=true,daemonOpts=--add-opens=java.base/java.util.concurrent.atomic=ALL-UNNAMED,--add-opens=java.base/java.util=ALL-UNNAMED,--add-opens=java.base/java.lang=ALL-UNNAMED,--add-opens=java.base/java.lang.invoke=ALL-UNNAMED,--add-opens=java.prefs/java.util.prefs=ALL-UNNAMED,--add-opens=java.base/java.nio.charset=ALL-UNNAMED,--add-opens=java.base/java.net=ALL-UNNAMED,--add-opens=java.base/java.util.concurrent.atomic=ALL-UNNAMED,-Xmx2048m,-Dfile.encoding=UTF-8,-Duser.country=DE,-Duser.language=de,-Duser.variant]
2024-07-28T15:33:44.379+0200 [DEBUG] [org.gradle.internal.remote.internal.inet.InetAddresses] Adding IP addresses for network interface Software Loopback Interface 1
2024-07-28T15:33:44.384+0200 [DEBUG] [org.gradle.internal.remote.internal.inet.InetAddresses] Is this a loopback interface? true
2024-07-28T15:33:44.385+0200 [DEBUG] [org.gradle.internal.remote.internal.inet.InetAddresses] Adding loopback address /127.0.0.1
2024-07-28T15:33:44.385+0200 [DEBUG] [org.gradle.internal.remote.internal.inet.InetAddresses] Adding loopback address /0:0:0:0:0:0:0:1
2024-07-28T15:33:44.387+0200 [DEBUG] [org.gradle.internal.remote.internal.inet.InetAddresses] Adding IP addresses for network interface Microsoft 6to4 Adapter
2024-07-28T15:33:44.391+0200 [DEBUG] [org.gradle.internal.remote.internal.inet.InetAddresses] Is this a loopback interface? false
2024-07-28T15:33:44.392+0200 [DEBUG] [org.gradle.internal.remote.internal.inet.InetAddresses] Adding IP addresses for network interface Bluetooth Device (Personal Area Network)
2024-07-28T15:33:44.396+0200 [DEBUG] [org.gradle.internal.remote.internal.inet.InetAddresses] Is this a loopback interface? false
2024-07-28T15:33:44.396+0200 [DEBUG] [org.gradle.internal.remote.internal.inet.InetAddresses] Adding remote address /fe80:0:0:0:a5e4:b220:ad49:c44d%eth0
2024-07-28T15:33:44.397+0200 [DEBUG] [org.gradle.internal.remote.internal.inet.InetAddresses] Adding IP addresses for network interface Microsoft IP-HTTPS Platform Adapter
2024-07-28T15:33:44.400+0200 [DEBUG] [org.gradle.internal.remote.internal.inet.InetAddresses] Is this a loopback interface? false
2024-07-28T15:33:44.402+0200 [DEBUG] [org.gradle.internal.remote.internal.inet.InetAddresses] Adding IP addresses for network interface Microsoft Kernel Debug Network Adapter
2024-07-28T15:33:44.405+0200 [DEBUG] [org.gradle.internal.remote.internal.inet.InetAddresses] Is this a loopback interface? false
2024-07-28T15:33:44.406+0200 [DEBUG] [org.gradle.internal.remote.internal.inet.InetAddresses] Adding IP addresses for network interface WAN Miniport (PPPOE)
2024-07-28T15:33:44.409+0200 [DEBUG] [org.gradle.internal.remote.internal.inet.InetAddresses] Is this a loopback interface? false
2024-07-28T15:33:44.410+0200 [DEBUG] [org.gradle.internal.remote.internal.inet.InetAddresses] Adding IP addresses for network interface WAN Miniport (SSTP)
2024-07-28T15:33:44.414+0200 [DEBUG] [org.gradle.internal.remote.internal.inet.InetAddresses] Is this a loopback interface? false
2024-07-28T15:33:44.414+0200 [DEBUG] [org.gradle.internal.remote.internal.inet.InetAddresses] Adding IP addresses for network interface WAN Miniport (L2TP)
2024-07-28T15:33:44.418+0200 [DEBUG] [org.gradle.internal.remote.internal.inet.InetAddresses] Is this a loopback interface? false
2024-07-28T15:33:44.418+0200 [DEBUG] [org.gradle.internal.remote.internal.inet.InetAddresses] Adding IP addresses for network interface WAN Miniport (IP)
2024-07-28T15:33:44.421+0200 [DEBUG] [org.gradle.internal.remote.internal.inet.InetAddresses] Is this a loopback interface? false
2024-07-28T15:33:44.422+0200 [DEBUG] [org.gradle.internal.remote.internal.inet.InetAddresses] Adding IP addresses for network interface TP-Link Wireless MU-MIMO USB Adapter
2024-07-28T15:33:44.425+0200 [DEBUG] [org.gradle.internal.remote.internal.inet.InetAddresses] Is this a loopback interface? false
2024-07-28T15:33:44.426+0200 [DEBUG] [org.gradle.internal.remote.internal.inet.InetAddresses] Adding IP addresses for network interface WAN Miniport (PPTP)
2024-07-28T15:33:44.429+0200 [DEBUG] [org.gradle.internal.remote.internal.inet.InetAddresses] Is this a loopback interface? false
2024-07-28T15:33:44.430+0200 [DEBUG] [org.gradle.internal.remote.internal.inet.InetAddresses] Adding IP addresses for network interface WAN Miniport (IKEv2)
2024-07-28T15:33:44.434+0200 [DEBUG] [org.gradle.internal.remote.internal.inet.InetAddresses] Is this a loopback interface? false
2024-07-28T15:33:44.434+0200 [DEBUG] [org.gradle.internal.remote.internal.inet.InetAddresses] Adding IP addresses for network interface Microsoft Wi-Fi Direct Virtual Adapter
2024-07-28T15:33:44.437+0200 [DEBUG] [org.gradle.internal.remote.internal.inet.InetAddresses] Is this a loopback interface? false
2024-07-28T15:33:44.438+0200 [DEBUG] [org.gradle.internal.remote.internal.inet.InetAddresses] Adding remote address /fe80:0:0:0:a1d:15f0:71ed:af0c%wlan1
2024-07-28T15:33:44.438+0200 [DEBUG] [org.gradle.internal.remote.internal.inet.InetAddresses] Adding IP addresses for network interface Microsoft Teredo Tunneling Adapter
2024-07-28T15:33:44.441+0200 [DEBUG] [org.gradle.internal.remote.internal.inet.InetAddresses] Is this a loopback interface? false
2024-07-28T15:33:44.442+0200 [DEBUG] [org.gradle.internal.remote.internal.inet.InetAddresses] Adding IP addresses for network interface WAN Miniport (Network Monitor)
2024-07-28T15:33:44.445+0200 [DEBUG] [org.gradle.internal.remote.internal.inet.InetAddresses] Is this a loopback interface? false
2024-07-28T15:33:44.446+0200 [DEBUG] [org.gradle.internal.remote.internal.inet.InetAddresses] Adding IP addresses for network interface VirtualBox Host-Only Ethernet Adapter
2024-07-28T15:33:44.449+0200 [DEBUG] [org.gradle.internal.remote.internal.inet.InetAddresses] Is this a loopback interface? false
2024-07-28T15:33:44.450+0200 [DEBUG] [org.gradle.internal.remote.internal.inet.InetAddresses] Adding IP addresses for network interface Microsoft Wi-Fi Direct Virtual Adapter #3
2024-07-28T15:33:44.453+0200 [DEBUG] [org.gradle.internal.remote.internal.inet.InetAddresses] Is this a loopback interface? false
2024-07-28T15:33:44.453+0200 [DEBUG] [org.gradle.internal.remote.internal.inet.InetAddresses] Adding IP addresses for network interface WAN Miniport (IPv6)
2024-07-28T15:33:44.456+0200 [DEBUG] [org.gradle.internal.remote.internal.inet.InetAddresses] Is this a loopback interface? false
2024-07-28T15:33:44.457+0200 [DEBUG] [org.gradle.internal.remote.internal.inet.InetAddresses] Adding IP addresses for network interface Microsoft Wi-Fi Direct Virtual Adapter #2
2024-07-28T15:33:44.460+0200 [DEBUG] [org.gradle.internal.remote.internal.inet.InetAddresses] Is this a loopback interface? false
2024-07-28T15:33:44.460+0200 [DEBUG] [org.gradle.internal.remote.internal.inet.InetAddresses] Adding remote address /fe80:0:0:0:747a:8fb0:7022:7dc2%wlan3
2024-07-28T15:33:44.460+0200 [DEBUG] [org.gradle.internal.remote.internal.inet.InetAddresses] Adding IP addresses for network interface Microsoft Wi-Fi Direct Virtual Adapter #4
2024-07-28T15:33:44.464+0200 [DEBUG] [org.gradle.internal.remote.internal.inet.InetAddresses] Is this a loopback interface? false
2024-07-28T15:33:44.464+0200 [DEBUG] [org.gradle.internal.remote.internal.inet.InetAddresses] Adding IP addresses for network interface Cisco AnyConnect Virtual Miniport Adapter for Windows x64
2024-07-28T15:33:44.468+0200 [DEBUG] [org.gradle.internal.remote.internal.inet.InetAddresses] Is this a loopback interface? false
2024-07-28T15:33:44.468+0200 [DEBUG] [org.gradle.internal.remote.internal.inet.InetAddresses] Adding IP addresses for network interface Intel(R) Wi-Fi 6 AX200 160MHz
2024-07-28T15:33:44.471+0200 [DEBUG] [org.gradle.internal.remote.internal.inet.InetAddresses] Is this a loopback interface? false
2024-07-28T15:33:44.472+0200 [DEBUG] [org.gradle.internal.remote.internal.inet.InetAddresses] Adding remote address /192.168.178.176
2024-07-28T15:33:44.472+0200 [DEBUG] [org.gradle.internal.remote.internal.inet.InetAddresses] Adding remote address /2001:16b8:b8d3:ca00:4c27:e540:eb7:6872
2024-07-28T15:33:44.472+0200 [DEBUG] [org.gradle.internal.remote.internal.inet.InetAddresses] Adding remote address /2001:16b8:b8d3:ca00:a0e9:f474:cbd2:4c9f
2024-07-28T15:33:44.472+0200 [DEBUG] [org.gradle.internal.remote.internal.inet.InetAddresses] Adding remote address /fe80:0:0:0:fe8b:a602:b32d:c2ee%wlan5
2024-07-28T15:33:44.473+0200 [DEBUG] [org.gradle.internal.remote.internal.inet.InetAddresses] Adding IP addresses for network interface Intel(R) Wi-Fi 6 AX200 160MHz-WFP Native MAC Layer LightWeight Filter-0000
2024-07-28T15:33:44.476+0200 [DEBUG] [org.gradle.internal.remote.internal.inet.InetAddresses] Is this a loopback interface? false
2024-07-28T15:33:44.476+0200 [DEBUG] [org.gradle.internal.remote.internal.inet.InetAddresses] Adding IP addresses for network interface Intel(R) Wi-Fi 6 AX200 160MHz-Virtual WiFi Filter Driver-0000
2024-07-28T15:33:44.479+0200 [DEBUG] [org.gradle.internal.remote.internal.inet.InetAddresses] Is this a loopback interface? false
2024-07-28T15:33:44.480+0200 [DEBUG] [org.gradle.internal.remote.internal.inet.InetAddresses] Adding IP addresses for network interface Intel(R) Wi-Fi 6 AX200 160MHz-Native WiFi Filter Driver-0000
2024-07-28T15:33:44.484+0200 [DEBUG] [org.gradle.internal.remote.internal.inet.InetAddresses] Is this a loopback interface? false
2024-07-28T15:33:44.484+0200 [DEBUG] [org.gradle.internal.remote.internal.inet.InetAddresses] Adding IP addresses for network interface Intel(R) Wi-Fi 6 AX200 160MHz-QoS Packet Scheduler-0000
2024-07-28T15:33:44.487+0200 [DEBUG] [org.gradle.internal.remote.internal.inet.InetAddresses] Is this a loopback interface? false
2024-07-28T15:33:44.488+0200 [DEBUG] [org.gradle.internal.remote.internal.inet.InetAddresses] Adding IP addresses for network interface Intel(R) Wi-Fi 6 AX200 160MHz-WFP 802.3 MAC Layer LightWeight Filter-0000
2024-07-28T15:33:44.491+0200 [DEBUG] [org.gradle.internal.remote.internal.inet.InetAddresses] Is this a loopback interface? false
2024-07-28T15:33:44.491+0200 [DEBUG] [org.gradle.internal.remote.internal.inet.InetAddresses] Adding IP addresses for network interface Microsoft Wi-Fi Direct Virtual Adapter-WFP Native MAC Layer LightWeight Filter-0000
2024-07-28T15:33:44.495+0200 [DEBUG] [org.gradle.internal.remote.internal.inet.InetAddresses] Is this a loopback interface? false
2024-07-28T15:33:44.495+0200 [DEBUG] [org.gradle.internal.remote.internal.inet.InetAddresses] Adding IP addresses for network interface Microsoft Wi-Fi Direct Virtual Adapter-Native WiFi Filter Driver-0000
2024-07-28T15:33:44.499+0200 [DEBUG] [org.gradle.internal.remote.internal.inet.InetAddresses] Is this a loopback interface? false
2024-07-28T15:33:44.499+0200 [DEBUG] [org.gradle.internal.remote.internal.inet.InetAddresses] Adding IP addresses for network interface WAN Miniport (IP)-WFP Native MAC Layer LightWeight Filter-0000
2024-07-28T15:33:44.502+0200 [DEBUG] [org.gradle.internal.remote.internal.inet.InetAddresses] Is this a loopback interface? false
2024-07-28T15:33:44.503+0200 [DEBUG] [org.gradle.internal.remote.internal.inet.InetAddresses] Adding IP addresses for network interface WAN Miniport (IP)-QoS Packet Scheduler-0000
2024-07-28T15:33:44.506+0200 [DEBUG] [org.gradle.internal.remote.internal.inet.InetAddresses] Is this a loopback interface? false
2024-07-28T15:33:44.506+0200 [DEBUG] [org.gradle.internal.remote.internal.inet.InetAddresses] Adding IP addresses for network interface WAN Miniport (IPv6)-WFP Native MAC Layer LightWeight Filter-0000
2024-07-28T15:33:44.509+0200 [DEBUG] [org.gradle.internal.remote.internal.inet.InetAddresses] Is this a loopback interface? false
2024-07-28T15:33:44.509+0200 [DEBUG] [org.gradle.internal.remote.internal.inet.InetAddresses] Adding IP addresses for network interface WAN Miniport (IPv6)-QoS Packet Scheduler-0000
2024-07-28T15:33:44.513+0200 [DEBUG] [org.gradle.internal.remote.internal.inet.InetAddresses] Is this a loopback interface? false
2024-07-28T15:33:44.513+0200 [DEBUG] [org.gradle.internal.remote.internal.inet.InetAddresses] Adding IP addresses for network interface WAN Miniport (Network Monitor)-WFP Native MAC Layer LightWeight Filter-0000
2024-07-28T15:33:44.516+0200 [DEBUG] [org.gradle.internal.remote.internal.inet.InetAddresses] Is this a loopback interface? false
2024-07-28T15:33:44.517+0200 [DEBUG] [org.gradle.internal.remote.internal.inet.InetAddresses] Adding IP addresses for network interface WAN Miniport (Network Monitor)-QoS Packet Scheduler-0000
2024-07-28T15:33:44.520+0200 [DEBUG] [org.gradle.internal.remote.internal.inet.InetAddresses] Is this a loopback interface? false
2024-07-28T15:33:44.520+0200 [DEBUG] [org.gradle.internal.remote.internal.inet.InetAddresses] Adding IP addresses for network interface Microsoft Wi-Fi Direct Virtual Adapter-QoS Packet Scheduler-0000
2024-07-28T15:33:44.523+0200 [DEBUG] [org.gradle.internal.remote.internal.inet.InetAddresses] Is this a loopback interface? false
2024-07-28T15:33:44.524+0200 [DEBUG] [org.gradle.internal.remote.internal.inet.InetAddresses] Adding IP addresses for network interface Microsoft Wi-Fi Direct Virtual Adapter-WFP 802.3 MAC Layer LightWeight Filter-0000
2024-07-28T15:33:44.527+0200 [DEBUG] [org.gradle.internal.remote.internal.inet.InetAddresses] Is this a loopback interface? false
2024-07-28T15:33:44.527+0200 [DEBUG] [org.gradle.internal.remote.internal.inet.InetAddresses] Adding IP addresses for network interface Microsoft Wi-Fi Direct Virtual Adapter #2-WFP Native MAC Layer LightWeight Filter-0000
2024-07-28T15:33:44.530+0200 [DEBUG] [org.gradle.internal.remote.internal.inet.InetAddresses] Is this a loopback interface? false
2024-07-28T15:33:44.531+0200 [DEBUG] [org.gradle.internal.remote.internal.inet.InetAddresses] Adding IP addresses for network interface Microsoft Wi-Fi Direct Virtual Adapter #2-Native WiFi Filter Driver-0000
2024-07-28T15:33:44.534+0200 [DEBUG] [org.gradle.internal.remote.internal.inet.InetAddresses] Is this a loopback interface? false
2024-07-28T15:33:44.534+0200 [DEBUG] [org.gradle.internal.remote.internal.inet.InetAddresses] Adding IP addresses for network interface Microsoft Wi-Fi Direct Virtual Adapter #2-QoS Packet Scheduler-0000
2024-07-28T15:33:44.537+0200 [DEBUG] [org.gradle.internal.remote.internal.inet.InetAddresses] Is this a loopback interface? false
2024-07-28T15:33:44.538+0200 [DEBUG] [org.gradle.internal.remote.internal.inet.InetAddresses] Adding IP addresses for network interface Microsoft Wi-Fi Direct Virtual Adapter #2-WFP 802.3 MAC Layer LightWeight Filter-0000
2024-07-28T15:33:44.541+0200 [DEBUG] [org.gradle.internal.remote.internal.inet.InetAddresses] Is this a loopback interface? false
2024-07-28T15:33:44.550+0200 [DEBUG] [org.gradle.internal.remote.internal.inet.TcpIncomingConnector] Listening on [af5a0e03-720f-4f30-ad94-dfc5a468397b port:53751, addresses:[localhost/127.0.0.1]].
2024-07-28T15:33:44.593+0200 [DEBUG] [org.gradle.launcher.daemon.server.Daemon] Daemon starting at: Sun Jul 28 15:33:44 CEST 2024, with address: [af5a0e03-720f-4f30-ad94-dfc5a468397b port:53751, addresses:[localhost/127.0.0.1]]
2024-07-28T15:33:44.594+0200 [INFO] [org.gradle.launcher.daemon.server.DaemonRegistryUpdater] Advertising the daemon address to the clients: [af5a0e03-720f-4f30-ad94-dfc5a468397b port:53751, addresses:[localhost/127.0.0.1]]
2024-07-28T15:33:44.594+0200 [DEBUG] [org.gradle.launcher.daemon.server.DaemonRegistryUpdater] Advertised daemon context: DefaultDaemonContext[uid=90b2a74a-7064-4eac-ae19-76368ee7bbd8,javaHome=C:\Program Files\Android\Android Studio1\jbr,daemonRegistryDir=C:\Users\Name\Desktop\chaquopy-matplotlib-master\gradle\daemon,pid=15428,idleTimeout=10800000,priority=NORMAL,applyInstrumentationAgent=true,daemonOpts=--add-opens=java.base/java.util.concurrent.atomic=ALL-UNNAMED,--add-opens=java.base/java.util=ALL-UNNAMED,--add-opens=java.base/java.lang=ALL-UNNAMED,--add-opens=java.base/java.lang.invoke=ALL-UNNAMED,--add-opens=java.prefs/java.util.prefs=ALL-UNNAMED,--add-opens=java.base/java.nio.charset=ALL-UNNAMED,--add-opens=java.base/java.net=ALL-UNNAMED,--add-opens=java.base/java.util.concurrent.atomic=ALL-UNNAMED,-Xmx2048m,-Dfile.encoding=UTF-8,-Duser.country=DE,-Duser.language=de,-Duser.variant]
2024-07-28T15:33:44.596+0200 [DEBUG] [org.gradle.launcher.daemon.registry.PersistentDaemonRegistry] Storing daemon address: [af5a0e03-720f-4f30-ad94-dfc5a468397b port:53751, addresses:[localhost/127.0.0.1]], context: DefaultDaemonContext[uid=90b2a74a-7064-4eac-ae19-76368ee7bbd8,javaHome=C:\Program Files\Android\Android Studio1\jbr,daemonRegistryDir=C:\Users\Name\Desktop\chaquopy-matplotlib-master\gradle\daemon,pid=15428,idleTimeout=10800000,priority=NORMAL,applyInstrumentationAgent=true,daemonOpts=--add-opens=java.base/java.util.concurrent.atomic=ALL-UNNAMED,--add-opens=java.base/java.util=ALL-UNNAMED,--add-opens=java.base/java.lang=ALL-UNNAMED,--add-opens=java.base/java.lang.invoke=ALL-UNNAMED,--add-opens=java.prefs/java.util.prefs=ALL-UNNAMED,--add-opens=java.base/java.nio.charset=ALL-UNNAMED,--add-opens=java.base/java.net=ALL-UNNAMED,--add-opens=java.base/java.util.concurrent.atomic=ALL-UNNAMED,-Xmx2048m,-Dfile.encoding=UTF-8,-Duser.country=DE,-Duser.language=de,-Duser.variant]
2024-07-28T15:33:44.619+0200 [DEBUG] [org.gradle.cache.internal.DefaultFileLockManager] Waiting to acquire exclusive lock on daemon addresses registry.
2024-07-28T15:33:44.624+0200 [DEBUG] [org.gradle.cache.internal.DefaultFileLockManager] Lock acquired on daemon addresses registry.
2024-07-28T15:33:44.634+0200 [DEBUG] [org.gradle.cache.internal.DefaultFileLockManager] Releasing lock on daemon addresses registry.
2024-07-28T15:33:44.635+0200 [LIFECYCLE] [org.gradle.launcher.daemon.server.Daemon] Daemon server started.
2024-07-28T15:33:44.637+0200 [DEBUG] [org.gradle.launcher.daemon.bootstrap.DaemonStartupCommunication] Completed writing the daemon greeting. Closing streams...
2024-07-28T15:33:44.647+0200 [DEBUG] [org.gradle.internal.remote.internal.inet.TcpIncomingConnector] Accepted connection from /127.0.0.1:53752 to /127.0.0.1:53751.
2024-07-28T15:33:44.648+0200 [DEBUG] [org.gradle.launcher.daemon.server.Daemon] stopOnExpiration() called on daemon
2024-07-28T15:33:44.649+0200 [DEBUG] [org.gradle.launcher.daemon.server.Daemon] awaitExpiration() called on daemon
2024-07-28T15:33:44.650+0200 [DEBUG] [org.gradle.launcher.daemon.server.DaemonStateCoordinator] daemon is running. Sleeping until state changes.
2024-07-28T15:33:44.828+0200 [DEBUG] [org.gradle.launcher.daemon.server.SynchronizedDispatchConnection] thread 22: received class org.gradle.launcher.daemon.protocol.Build
2024-07-28T15:33:44.828+0200 [DEBUG] [org.gradle.launcher.daemon.server.DefaultDaemonConnection] thread 22: Received non-IO message from client: Build{id=f28a91c8-eeaa-4628-b51b-cf08e4e59ffc, currentDir=C:\Users\Name\Desktop\chaquopy-matplotlib-master}
2024-07-28T15:33:44.829+0200 [INFO] [org.gradle.launcher.daemon.server.DefaultIncomingConnectionHandler] Received command: Build{id=f28a91c8-eeaa-4628-b51b-cf08e4e59ffc, currentDir=C:\Users\Name\Desktop\chaquopy-matplotlib-master}.
2024-07-28T15:33:44.829+0200 [DEBUG] [org.gradle.launcher.daemon.server.DefaultIncomingConnectionHandler] Starting executing command: Build{id=f28a91c8-eeaa-4628-b51b-cf08e4e59ffc, currentDir=C:\Users\Name\Desktop\chaquopy-matplotlib-master} with connection: socket connection from /127.0.0.1:53751 to /127.0.0.1:53752.
2024-07-28T15:33:44.834+0200 [DEBUG] [org.gradle.launcher.daemon.server.DaemonStateCoordinator] Command execution: started DaemonCommandExecution[command = Build{id=f28a91c8-eeaa-4628-b51b-cf08e4e59ffc, currentDir=C:\Users\Name\Desktop\chaquopy-matplotlib-master}, connection = DefaultDaemonConnection: socket connection from /127.0.0.1:53751 to /127.0.0.1:53752] after 0.0 minutes of idle
2024-07-28T15:33:44.834+0200 [INFO] [org.gradle.launcher.daemon.server.DaemonRegistryUpdater] Marking the daemon as busy, address: [af5a0e03-720f-4f30-ad94-dfc5a468397b port:53751, addresses:[localhost/127.0.0.1]]
2024-07-28T15:33:44.834+0200 [DEBUG] [org.gradle.launcher.daemon.registry.PersistentDaemonRegistry] Marking busy by address: [af5a0e03-720f-4f30-ad94-dfc5a468397b port:53751, addresses:[localhost/127.0.0.1]]
2024-07-28T15:33:44.836+0200 [DEBUG] [org.gradle.cache.internal.DefaultFileLockManager] Waiting to acquire exclusive lock on daemon addresses registry.
2024-07-28T15:33:44.837+0200 [DEBUG] [org.gradle.cache.internal.DefaultFileLockManager] Lock acquired on daemon addresses registry.
2024-07-28T15:33:44.840+0200 [DEBUG] [org.gradle.cache.internal.DefaultFileLockManager] Releasing lock on daemon addresses registry.
2024-07-28T15:33:44.841+0200 [DEBUG] [org.gradle.launcher.daemon.server.DaemonStateCoordinator] resetting idle timer
2024-07-28T15:33:44.842+0200 [DEBUG] [org.gradle.launcher.daemon.server.DaemonStateCoordinator] daemon is running. Sleeping until state changes.
2024-07-28T15:33:44.843+0200 [INFO] [org.gradle.launcher.daemon.server.exec.StartBuildOrRespondWithBusy] Daemon is about to start building Build{id=f28a91c8-eeaa-4628-b51b-cf08e4e59ffc, currentDir=C:\Users\Name\Desktop\chaquopy-matplotlib-master}. Dispatching build started information...
2024-07-28T15:33:44.843+0200 [DEBUG] [org.gradle.launcher.daemon.server.SynchronizedDispatchConnection] thread 24: dispatching org.gradle.launcher.daemon.protocol.BuildStarted@eab0535
2024-07-28T15:33:44.846+0200 [DEBUG] [org.gradle.launcher.daemon.server.SynchronizedDispatchConnection] thread 22: received class org.gradle.launcher.daemon.protocol.CloseInput
2024-07-28T15:33:44.847+0200 [DEBUG] [org.gradle.launcher.daemon.server.DefaultDaemonConnection] thread 22: Received IO message from client: org.gradle.launcher.daemon.protocol.CloseInput@2a05a9fe
2024-07-28T15:33:44.847+0200 [DEBUG] [org.gradle.launcher.daemon.server.exec.EstablishBuildEnvironment] Configuring env variables: [USERDOMAIN_ROAMINGPROFILE, LOCALAPPDATA, PROCESSOR_LEVEL, USERDOMAIN, LOGONSERVER, SESSIONNAME, ALLUSERSPROFILE, PROCESSOR_ARCHITECTURE, PSModulePath, SystemDrive, OneDrive, APPDATA, USERNAME, ProgramFiles(x86), CommonProgramFiles, Path, PATHEXT, DriverData, OS, OneDriveConsumer, COMPUTERNAME, LM_LICENSE_FILE, PROCESSOR_REVISION, CommonProgramW6432, ComSpec, ProgramData, ProgramW6432, TEMP, HOMEPATH, SystemRoot, SOPC_KIT_NIOS2, PROCESSOR_IDENTIFIER, HOMEDRIVE, USERPROFILE, TMP, QSYS_ROOTDIR, CommonProgramFiles(x86), ProgramFiles, PUBLIC, windir, NUMBER_OF_PROCESSORS, =::, EFC_11124, IDEA_INITIAL_DIRECTORY, QUARTUS_ROOTDIR]
2024-07-28T15:33:44.856+0200 [DEBUG] [org.gradle.launcher.daemon.server.exec.LogToClient] About to start relaying all logs to the client via the connection.
2024-07-28T15:33:44.857+0200 [INFO] [org.gradle.launcher.daemon.server.exec.LogToClient] The client will now receive all logging from the daemon (pid: 15428). The daemon log file: C:\Users\Name\Desktop\chaquopy-matplotlib-master\gradle\daemon\8.7\daemon-15428.out.log
2024-07-28T15:33:44.863+0200 [INFO] [org.gradle.launcher.daemon.server.exec.LogAndCheckHealth] Starting build in new daemon [memory: 2 GiB]
2024-07-28T15:33:44.865+0200 [INFO] [org.gradle.launcher.daemon.server.exec.ForwardClientInput] Closing daemon's stdin at end of input.
2024-07-28T15:33:44.866+0200 [INFO] [org.gradle.launcher.daemon.server.exec.ForwardClientInput] The daemon will no longer process any standard input.
2024-07-28T15:33:44.870+0200 [DEBUG] [org.gradle.launcher.daemon.server.exec.ExecuteBuild] The daemon has started executing the build.
2024-07-28T15:33:44.871+0200 [DEBUG] [org.gradle.launcher.daemon.server.exec.ExecuteBuild] Executing build with daemon context: DefaultDaemonContext[uid=90b2a74a-7064-4eac-ae19-76368ee7bbd8,javaHome=C:\Program Files\Android\Android Studio1\jbr,daemonRegistryDir=C:\Users\Name\Desktop\chaquopy-matplotlib-master\gradle\daemon,pid=15428,idleTimeout=10800000,priority=NORMAL,applyInstrumentationAgent=true,daemonOpts=--add-opens=java.base/java.util.concurrent.atomic=ALL-UNNAMED,--add-opens=java.base/java.util=ALL-UNNAMED,--add-opens=java.base/java.lang=ALL-UNNAMED,--add-opens=java.base/java.lang.invoke=ALL-UNNAMED,--add-opens=java.prefs/java.util.prefs=ALL-UNNAMED,--add-opens=java.base/java.nio.charset=ALL-UNNAMED,--add-opens=java.base/java.net=ALL-UNNAMED,--add-opens=java.base/java.util.concurrent.atomic=ALL-UNNAMED,-Xmx2048m,-Dfile.encoding=UTF-8,-Duser.country=DE,-Duser.language=de,-Duser.variant]

Deprecated Gradle features were used in this build, making it incompatible with Gradle 9.0.

You can use '--warning-mode all' to show the individual deprecation warnings and determine if they come from your own scripts or plugins.

For more on this, please refer to https://docs.gradle.org/8.7/userguide/command_line_interface.html#sec:command_line_warnings in the Gradle documentation.

BUILD SUCCESSFUL in 29s
2024-07-28T15:34:08.814+0200 [DEBUG] [org.gradle.launcher.daemon.server.exec.ExecuteBuild] The daemon has finished executing the build.
2024-07-28T15:34:08.834+0200 [DEBUG] [org.gradle.launcher.daemon.server.DaemonStateCoordinator] daemon is running. Sleeping until state changes.
2024-07-28T15:34:08.834+0200 [DEBUG] [org.gradle.launcher.daemon.server.DaemonStateCoordinator] Command execution: finished waiting for DaemonCommandExecution[command = Build{id=f28a91c8-eeaa-4628-b51b-cf08e4e59ffc, currentDir=C:\Users\Name\Desktop\chaquopy-matplotlib-master}, connection = DefaultDaemonConnection: socket connection from /127.0.0.1:53751 to /127.0.0.1:53752]. Result org.gradle.launcher.daemon.server.DaemonStateCoordinator@1ba03eee with state Busy
2024-07-28T15:34:08.835+0200 [DEBUG] [org.gradle.launcher.daemon.server.DaemonStateCoordinator] Command execution: completed DaemonCommandExecution[command = Build{id=f28a91c8-eeaa-4628-b51b-cf08e4e59ffc, currentDir=C:\Users\Name\Desktop\chaquopy-matplotlib-master}, connection = DefaultDaemonConnection: socket connection from /127.0.0.1:53751 to /127.0.0.1:53752]
2024-07-28T15:34:08.835+0200 [DEBUG] [org.gradle.launcher.daemon.server.DaemonStateCoordinator] resetting idle timer
2024-07-28T15:34:08.835+0200 [INFO] [org.gradle.launcher.daemon.server.DaemonRegistryUpdater] Marking the daemon as idle, address: [af5a0e03-720f-4f30-ad94-dfc5a468397b port:53751, addresses:[localhost/127.0.0.1]]
2024-07-28T15:34:08.836+0200 [DEBUG] [org.gradle.launcher.daemon.registry.PersistentDaemonRegistry] Marking busy by address: [af5a0e03-720f-4f30-ad94-dfc5a468397b port:53751, addresses:[localhost/127.0.0.1]]
2024-07-28T15:34:08.837+0200 [DEBUG] [org.gradle.cache.internal.DefaultFileLockManager] Waiting to acquire exclusive lock on daemon addresses registry.
2024-07-28T15:34:08.838+0200 [DEBUG] [org.gradle.cache.internal.DefaultFileLockManager] Lock acquired on daemon addresses registry.
2024-07-28T15:34:08.842+0200 [DEBUG] [org.gradle.cache.internal.DefaultFileLockManager] Releasing lock on daemon addresses registry.
2024-07-28T15:34:08.843+0200 [DEBUG] [org.gradle.launcher.daemon.server.DaemonStateCoordinator] daemon is running. Sleeping until state changes.
2024-07-28T15:34:08.843+0200 [DEBUG] [org.gradle.launcher.daemon.server.exec.ReturnResult] Daemon is dispatching the build result: Success[value=org.gradle.launcher.exec.BuildActionResult@7aff6768]
2024-07-28T15:34:08.843+0200 [DEBUG] [org.gradle.launcher.daemon.server.SynchronizedDispatchConnection] thread 21: dispatching Success[value=org.gradle.launcher.exec.BuildActionResult@7aff6768]
2024-07-28T15:34:08.847+0200 [DEBUG] [org.gradle.launcher.daemon.server.exec.CleanUpVirtualFileSystemAfterBuild] Cleaning virtual file system after build finished
2024-07-28T15:34:08.847+0200 [DEBUG] [org.gradle.launcher.daemon.server.DefaultIncomingConnectionHandler] Finishing executing command: Build{id=f28a91c8-eeaa-4628-b51b-cf08e4e59ffc, currentDir=C:\Users\Name\Desktop\chaquopy-matplotlib-master}
2024-07-28T15:34:08.916+0200 [DEBUG] [org.gradle.launcher.daemon.server.SynchronizedDispatchConnection] thread 22: received class org.gradle.launcher.daemon.protocol.Finished
2024-07-28T15:34:08.917+0200 [DEBUG] [org.gradle.launcher.daemon.server.DefaultDaemonConnection] thread 22: Received non-IO message from client: org.gradle.launcher.daemon.protocol.Finished@326b273c
2024-07-28T15:34:08.917+0200 [DEBUG] [org.gradle.launcher.daemon.server.DefaultIncomingConnectionHandler] Received finished message: org.gradle.launcher.daemon.protocol.Finished@326b273c
2024-07-28T15:34:08.918+0200 [DEBUG] [org.gradle.launcher.daemon.server.SynchronizedDispatchConnection] thread 21: stopping connection
2024-07-28T15:34:08.918+0200 [DEBUG] [org.gradle.internal.remote.internal.inet.SocketConnection] Discarding EOFException: java.io.EOFException
2024-07-28T15:34:08.918+0200 [DEBUG] [org.gradle.launcher.daemon.server.SynchronizedDispatchConnection] thread 22: received null
2024-07-28T15:34:08.918+0200 [DEBUG] [org.gradle.launcher.daemon.server.DefaultDaemonConnection] thread 22: Received end-of-input from client.
2024-07-28T15:34:08.920+0200 [DEBUG] [org.gradle.launcher.daemon.server.SynchronizedDispatchConnection] thread 21: stopping connection
2024-07-28T15:34:10.370+0200 [DEBUG] [org.gradle.process.internal.health.memory.DefaultMemoryManager] 800208076 physical memory requested, 270061568 free
2024-07-28T15:34:10.371+0200 [DEBUG] [org.gradle.workers.internal.WorkerDaemonExpiration] Will attempt to release 763 of memory
2024-07-28T15:34:10.371+0200 [DEBUG] [org.gradle.process.internal.health.memory.DefaultMemoryManager] 800208076 physical memory requested, 0 released, 270061568 free
2024-07-28T15:34:14.657+0200 [DEBUG] [org.gradle.cache.internal.DefaultFileLockManager] Waiting to acquire shared lock on daemon addresses registry.
2024-07-28T15:34:14.658+0200 [DEBUG] [org.gradle.cache.internal.DefaultFileLockManager] Lock acquired on daemon addresses registry.
2024-07-28T15:34:14.658+0200 [DEBUG] [org.gradle.cache.internal.DefaultFileLockManager] Releasing lock on daemon addresses registry.
2024-07-28T15:34:14.660+0200 [DEBUG] [org.gradle.cache.internal.DefaultFileLockManager] Waiting to acquire shared lock on daemon addresses registry.
2024-07-28T15:34:14.661+0200 [DEBUG] [org.gradle.cache.internal.DefaultFileLockManager] Lock acquired on daemon addresses registry.
2024-07-28T15:34:14.661+0200 [DEBUG] [org.gradle.cache.internal.DefaultFileLockManager] Releasing lock on daemon addresses registry.
2024-07-28T15:34:15.366+0200 [DEBUG] [org.gradle.process.internal.health.memory.DefaultMemoryManager] 800208076 physical memory requested, 416505856 free
2024-07-28T15:34:15.366+0200 [DEBUG] [org.gradle.workers.internal.WorkerDaemonExpiration] Will attempt to release 763 of memory
2024-07-28T15:34:15.366+0200 [DEBUG] [org.gradle.process.internal.health.memory.DefaultMemoryManager] 800208076 physical memory requested, 0 released, 416505856 free
2024-07-28T15:34:20.382+0200 [DEBUG] [org.gradle.process.internal.health.memory.DefaultMemoryManager] 800208076 physical memory requested, 375214080 free
2024-07-28T15:34:20.383+0200 [DEBUG] [org.gradle.workers.internal.WorkerDaemonExpiration] Will attempt to release 763 of memory
2024-07-28T15:34:20.384+0200 [DEBUG] [org.gradle.process.internal.health.memory.DefaultMemoryManager] 800208076 physical memory requested, 0 released, 375214080 free
2024-07-28T15:34:23.452+0200 [DEBUG] [org.gradle.cache.internal.LockOnDemandCrossProcessCacheAccess] Lock on journal cache (C:\Users\Name\Desktop\chaquopy-matplotlib-master\gradle\caches\journal-1) requested by another process - releasing lock.
2024-07-28T15:34:23.453+0200 [DEBUG] [org.gradle.cache.internal.LockOnDemandCrossProcessCacheAccess] Releasing file lock for journal cache (C:\Users\Name\Desktop\chaquopy-matplotlib-master\gradle\caches\journal-1)
2024-07-28T15:34:23.454+0200 [DEBUG] [org.gradle.cache.internal.btree.BTreePersistentIndexedCache] Closing cache file-access.bin (C:\Users\Name\Desktop\chaquopy-matplotlib-master\gradle\caches\journal-1\file-access.bin)
2024-07-28T15:34:23.454+0200 [DEBUG] [org.gradle.cache.internal.DefaultFileLockManager] Releasing lock on journal cache (C:\Users\Name\Desktop\chaquopy-matplotlib-master\gradle\caches\journal-1).
2024-07-28T15:34:23.457+0200 [DEBUG] [org.gradle.cache.internal.locklistener.FileLockCommunicator] Confirming lock release to Gradle process at port 63514 for lock with id 4096785945193237017.
2024-07-28T15:34:23.458+0200 [DEBUG] [org.gradle.cache.internal.locklistener.FileLockCommunicator] Confirming lock release to Gradle process at port 63514 for lock with id 4096785945193237017.
2024-07-28T15:34:24.661+0200 [DEBUG] [org.gradle.cache.internal.DefaultFileLockManager] Waiting to acquire shared lock on daemon addresses registry.
2024-07-28T15:34:24.662+0200 [DEBUG] [org.gradle.cache.internal.DefaultFileLockManager] Lock acquired on daemon addresses registry.
2024-07-28T15:34:24.666+0200 [DEBUG] [org.gradle.cache.internal.DefaultFileLockManager] Releasing lock on daemon addresses registry.
2024-07-28T15:34:24.668+0200 [DEBUG] [org.gradle.cache.internal.DefaultFileLockManager] Waiting to acquire shared lock on daemon addresses registry.
2024-07-28T15:34:24.669+0200 [DEBUG] [org.gradle.cache.internal.DefaultFileLockManager] Lock acquired on daemon addresses registry.
2024-07-28T15:34:24.669+0200 [DEBUG] [org.gradle.cache.internal.DefaultFileLockManager] Releasing lock on daemon addresses registry.
2024-07-28T15:34:24.671+0200 [DEBUG] [org.gradle.cache.internal.DefaultFileLockManager] Waiting to acquire shared lock on daemon addresses registry.
2024-07-28T15:34:24.672+0200 [DEBUG] [org.gradle.cache.internal.DefaultFileLockManager] Lock acquired on daemon addresses registry.
2024-07-28T15:34:24.673+0200 [DEBUG] [org.gradle.cache.internal.DefaultFileLockManager] Releasing lock on daemon addresses registry.
2024-07-28T15:34:25.381+0200 [DEBUG] [org.gradle.process.internal.health.memory.DefaultMemoryManager] 800208076 physical memory requested, 752246784 free
2024-07-28T15:34:25.381+0200 [DEBUG] [org.gradle.workers.internal.WorkerDaemonExpiration] Will attempt to release 763 of memory
2024-07-28T15:34:25.381+0200 [DEBUG] [org.gradle.process.internal.health.memory.DefaultMemoryManager] 800208076 physical memory requested, 0 released, 752246784 free
2024-07-28T15:34:30.371+0200 [DEBUG] [org.gradle.process.internal.health.memory.DefaultMemoryManager] 800208076 physical memory requested, 680534016 free
2024-07-28T15:34:30.371+0200 [DEBUG] [org.gradle.workers.internal.WorkerDaemonExpiration] Will attempt to release 763 of memory
2024-07-28T15:34:30.371+0200 [DEBUG] [org.gradle.process.internal.health.memory.DefaultMemoryManager] 800208076 physical memory requested, 0 released, 680534016 free
2024-07-28T15:34:34.661+0200 [DEBUG] [org.gradle.cache.internal.DefaultFileLockManager] Waiting to acquire shared lock on daemon addresses registry.
2024-07-28T15:34:34.662+0200 [DEBUG] [org.gradle.cache.internal.DefaultFileLockManager] Lock acquired on daemon addresses registry.
2024-07-28T15:34:34.663+0200 [DEBUG] [org.gradle.cache.internal.DefaultFileLockManager] Releasing lock on daemon addresses registry.
2024-07-28T15:34:34.666+0200 [DEBUG] [org.gradle.cache.internal.DefaultFileLockManager] Waiting to acquire shared lock on daemon addresses registry.
2024-07-28T15:34:34.666+0200 [DEBUG] [org.gradle.cache.internal.DefaultFileLockManager] Lock acquired on daemon addresses registry.
2024-07-28T15:34:34.667+0200 [DEBUG] [org.gradle.cache.internal.DefaultFileLockManager] Releasing lock on daemon addresses registry.
2024-07-28T15:34:34.670+0200 [DEBUG] [org.gradle.cache.internal.DefaultFileLockManager] Waiting to acquire shared lock on daemon addresses registry.
2024-07-28T15:34:34.670+0200 [DEBUG] [org.gradle.cache.internal.DefaultFileLockManager] Lock acquired on daemon addresses registry.
2024-07-28T15:34:34.671+0200 [DEBUG] [org.gradle.cache.internal.DefaultFileLockManager] Releasing lock on daemon addresses registry.
2024-07-28T15:34:35.381+0200 [DEBUG] [org.gradle.process.internal.health.memory.DefaultMemoryManager] 800208076 physical memory requested, 580927488 free
2024-07-28T15:34:35.381+0200 [DEBUG] [org.gradle.workers.internal.WorkerDaemonExpiration] Will attempt to release 763 of memory
2024-07-28T15:34:35.381+0200 [DEBUG] [org.gradle.process.internal.health.memory.DefaultMemoryManager] 800208076 physical memory requested, 0 released, 580927488 free
2024-07-28T15:34:40.382+0200 [DEBUG] [org.gradle.process.internal.health.memory.DefaultMemoryManager] 800208076 physical memory requested, 418390016 free
2024-07-28T15:34:40.383+0200 [DEBUG] [org.gradle.workers.internal.WorkerDaemonExpiration] Will attempt to release 763 of memory
2024-07-28T15:34:40.383+0200 [DEBUG] [org.gradle.process.internal.health.memory.DefaultMemoryManager] 800208076 physical memory requested, 0 released, 418390016 free
2024-07-28T15:34:41.952+0200 [DEBUG] [org.gradle.cache.internal.LockOnDemandCrossProcessCacheAccess] Lock on file hash cache (C:\Users\Name\Desktop\chaquopy-matplotlib-master\gradle\caches\8.7\fileHashes) requested by another process - releasing lock.
2024-07-28T15:34:41.952+0200 [DEBUG] [org.gradle.cache.internal.LockOnDemandCrossProcessCacheAccess] Releasing file lock for file hash cache (C:\Users\Name\Desktop\chaquopy-matplotlib-master\gradle\caches\8.7\fileHashes)
2024-07-28T15:34:41.953+0200 [DEBUG] [org.gradle.cache.internal.btree.BTreePersistentIndexedCache] Closing cache fileHashes.bin (C:\Users\Name\Desktop\chaquopy-matplotlib-master\gradle\caches\8.7\fileHashes\fileHashes.bin)
2024-07-28T15:34:41.954+0200 [DEBUG] [org.gradle.cache.internal.btree.BTreePersistentIndexedCache] Closing cache resourceHashesCache.bin (C:\Users\Name\Desktop\chaquopy-matplotlib-master\gradle\caches\8.7\fileHashes\resourceHashesCache.bin)
2024-07-28T15:34:41.954+0200 [DEBUG] [org.gradle.cache.internal.DefaultFileLockManager] Releasing lock on file hash cache (C:\Users\Name\Desktop\chaquopy-matplotlib-master\gradle\caches\8.7\fileHashes).
2024-07-28T15:34:41.955+0200 [DEBUG] [org.gradle.cache.internal.locklistener.FileLockCommunicator] Confirming lock release to Gradle process at port 61220 for lock with id -7166313099032839638.
2024-07-28T15:34:41.955+0200 [DEBUG] [org.gradle.cache.internal.locklistener.FileLockCommunicator] Confirming lock release to Gradle process at port 61220 for lock with id -7166313099032839638.
2024-07-28T15:34:43.372+0200 [DEBUG] [org.gradle.cache.internal.LockOnDemandCrossProcessCacheAccess] Lock on jars (C:\Users\Name\Desktop\chaquopy-matplotlib-master\gradle\caches\jars-9) requested by another process - releasing lock.
2024-07-28T15:34:43.373+0200 [DEBUG] [org.gradle.cache.internal.LockOnDemandCrossProcessCacheAccess] Releasing file lock for jars (C:\Users\Name\Desktop\chaquopy-matplotlib-master\gradle\caches\jars-9)
2024-07-28T15:34:43.373+0200 [DEBUG] [org.gradle.cache.internal.DefaultFileLockManager] Releasing lock on jars (C:\Users\Name\Desktop\chaquopy-matplotlib-master\gradle\caches\jars-9).
2024-07-28T15:34:43.374+0200 [DEBUG] [org.gradle.cache.internal.locklistener.FileLockCommunicator] Confirming lock release to Gradle process at port 61220 for lock with id -1597451077294477141.
2024-07-28T15:34:43.374+0200 [DEBUG] [org.gradle.cache.internal.locklistener.FileLockCommunicator] Confirming lock release to Gradle process at port 61220 for lock with id -1597451077294477141.
2024-07-28T15:34:44.431+0200 [DEBUG] [org.gradle.cache.internal.LockOnDemandCrossProcessCacheAccess] Lock on file content cache (C:\Users\Name\Desktop\chaquopy-matplotlib-master\gradle\caches\8.7\fileContent) requested by another process - releasing lock.
2024-07-28T15:34:44.432+0200 [DEBUG] [org.gradle.cache.internal.LockOnDemandCrossProcessCacheAccess] Releasing file lock for file content cache (C:\Users\Name\Desktop\chaquopy-matplotlib-master\gradle\caches\8.7\fileContent)
2024-07-28T15:34:44.432+0200 [DEBUG] [org.gradle.cache.internal.DefaultFileLockManager] Releasing lock on file content cache (C:\Users\Name\Desktop\chaquopy-matplotlib-master\gradle\caches\8.7\fileContent).
2024-07-28T15:34:44.432+0200 [DEBUG] [org.gradle.cache.internal.locklistener.FileLockCommunicator] Confirming lock release to Gradle process at port 61220 for lock with id 5240613181901830806.
2024-07-28T15:34:44.433+0200 [DEBUG] [org.gradle.cache.internal.locklistener.FileLockCommunicator] Confirming lock release to Gradle process at port 61220 for lock with id 5240613181901830806.
2024-07-28T15:34:44.668+0200 [DEBUG] [org.gradle.cache.internal.DefaultFileLockManager] Waiting to acquire shared lock on daemon addresses registry.
2024-07-28T15:34:44.668+0200 [DEBUG] [org.gradle.cache.internal.DefaultFileLockManager] Lock acquired on daemon addresses registry.
2024-07-28T15:34:44.669+0200 [DEBUG] [org.gradle.cache.internal.DefaultFileLockManager] Releasing lock on daemon addresses registry.
2024-07-28T15:34:44.672+0200 [DEBUG] [org.gradle.cache.internal.DefaultFileLockManager] Waiting to acquire shared lock on daemon addresses registry.
2024-07-28T15:34:44.672+0200 [DEBUG] [org.gradle.cache.internal.DefaultFileLockManager] Lock acquired on daemon addresses registry.
2024-07-28T15:34:44.673+0200 [DEBUG] [org.gradle.cache.internal.DefaultFileLockManager] Releasing lock on daemon addresses registry.
2024-07-28T15:34:44.675+0200 [DEBUG] [org.gradle.cache.internal.DefaultFileLockManager] Waiting to acquire shared lock on daemon addresses registry.
2024-07-28T15:34:44.675+0200 [DEBUG] [org.gradle.cache.internal.DefaultFileLockManager] Lock acquired on daemon addresses registry.
2024-07-28T15:34:44.676+0200 [DEBUG] [org.gradle.cache.internal.DefaultFileLockManager] Releasing lock on daemon addresses registry.
2024-07-28T15:34:48.536+0200 [DEBUG] [org.gradle.cache.internal.LockOnDemandCrossProcessCacheAccess] Lock on artifact cache (C:\Users\Name\Desktop\chaquopy-matplotlib-master\gradle\caches\modules-2) requested by another process - releasing lock.
2024-07-28T15:34:48.536+0200 [DEBUG] [org.gradle.cache.internal.LockOnDemandCrossProcessCacheAccess] Releasing file lock for artifact cache (C:\Users\Name\Desktop\chaquopy-matplotlib-master\gradle\caches\modules-2)
2024-07-28T15:34:48.536+0200 [DEBUG] [org.gradle.cache.internal.btree.BTreePersistentIndexedCache] Closing cache module-artifact.bin (C:\Users\Name\Desktop\chaquopy-matplotlib-master\gradle\caches\modules-2\metadata-2.106\module-artifact.bin)
2024-07-28T15:34:48.536+0200 [DEBUG] [org.gradle.cache.internal.btree.BTreePersistentIndexedCache] Closing cache module-metadata.bin (C:\Users\Name\Desktop\chaquopy-matplotlib-master\gradle\caches\modules-2\metadata-2.106\module-metadata.bin)
2024-07-28T15:34:48.537+0200 [DEBUG] [org.gradle.cache.internal.btree.BTreePersistentIndexedCache] Closing cache module-artifacts.bin (C:\Users\Name\Desktop\chaquopy-matplotlib-master\gradle\caches\modules-2\metadata-2.106\module-artifacts.bin)
2024-07-28T15:34:48.537+0200 [DEBUG] [org.gradle.cache.internal.btree.BTreePersistentIndexedCache] Closing cache module-versions.bin (C:\Users\Name\Desktop\chaquopy-matplotlib-master\gradle\caches\modules-2\metadata-2.106\module-versions.bin)
2024-07-28T15:34:48.537+0200 [DEBUG] [org.gradle.cache.internal.DefaultFileLockManager] Releasing lock on artifact cache (C:\Users\Name\Desktop\chaquopy-matplotlib-master\gradle\caches\modules-2).
2024-07-28T15:34:48.538+0200 [DEBUG] [org.gradle.cache.internal.locklistener.FileLockCommunicator] Confirming lock release to Gradle process at port 61220 for lock with id 9174062816909668624.
2024-07-28T15:34:48.538+0200 [DEBUG] [org.gradle.cache.internal.locklistener.FileLockCommunicator] Confirming lock release to Gradle process at port 61220 for lock with id 9174062816909668624.
2024-07-28T15:34:54.676+0200 [DEBUG] [org.gradle.cache.internal.DefaultFileLockManager] Waiting to acquire shared lock on daemon addresses registry.
2024-07-28T15:34:54.677+0200 [DEBUG] [org.gradle.cache.internal.DefaultFileLockManager] Lock acquired on daemon addresses registry.
2024-07-28T15:34:54.678+0200 [DEBUG] [org.gradle.cache.internal.DefaultFileLockManager] Releasing lock on daemon addresses registry.
2024-07-28T15:34:54.680+0200 [DEBUG] [org.gradle.cache.internal.DefaultFileLockManager] Waiting to acquire shared lock on daemon addresses registry.
2024-07-28T15:34:54.681+0200 [DEBUG] [org.gradle.cache.internal.DefaultFileLockManager] Lock acquired on daemon addresses registry.
2024-07-28T15:34:54.681+0200 [DEBUG] [org.gradle.cache.internal.DefaultFileLockManager] Releasing lock on daemon addresses registry.
2024-07-28T15:34:54.683+0200 [DEBUG] [org.gradle.cache.internal.DefaultFileLockManager] Waiting to acquire shared lock on daemon addresses registry.
2024-07-28T15:34:54.683+0200 [DEBUG] [org.gradle.cache.internal.DefaultFileLockManager] Lock acquired on daemon addresses registry.
2024-07-28T15:34:54.684+0200 [DEBUG] [org.gradle.cache.internal.DefaultFileLockManager] Releasing lock on daemon addresses registry.
2024-07-28T15:35:01.296+0200 [DEBUG] [org.gradle.internal.watch.registry.impl.DefaultFileWatcherProbeRegistry] Triggering watch probe for C:\Users\Name\Desktop\chaquopy-matplotlib-master
2024-07-28T15:35:01.296+0200 [DEBUG] [org.gradle.internal.watch.registry.impl.DefaultFileWatcherProbeRegistry] Triggering watch probe for C:\Users\Name\Desktop\chaquopy-matplotlib-master
2024-07-28T15:35:04.675+0200 [DEBUG] [org.gradle.cache.internal.DefaultFileLockManager] Waiting to acquire shared lock on daemon addresses registry.
2024-07-28T15:35:04.675+0200 [DEBUG] [org.gradle.cache.internal.DefaultFileLockManager] Lock acquired on daemon addresses registry.
2024-07-28T15:35:04.676+0200 [DEBUG] [org.gradle.cache.internal.DefaultFileLockManager] Releasing lock on daemon addresses registry.
2024-07-28T15:35:04.679+0200 [DEBUG] [org.gradle.cache.internal.DefaultFileLockManager] Waiting to acquire shared lock on daemon addresses registry.
2024-07-28T15:35:04.680+0200 [DEBUG] [org.gradle.cache.internal.DefaultFileLockManager] Lock acquired on daemon addresses registry.
2024-07-28T15:35:04.680+0200 [DEBUG] [org.gradle.cache.internal.DefaultFileLockManager] Releasing lock on daemon addresses registry.
2024-07-28T15:35:04.683+0200 [DEBUG] [org.gradle.cache.internal.DefaultFileLockManager] Waiting to acquire shared lock on daemon addresses registry.
2024-07-28T15:35:04.683+0200 [DEBUG] [org.gradle.cache.internal.DefaultFileLockManager] Lock acquired on daemon addresses registry.
2024-07-28T15:35:04.684+0200 [DEBUG] [org.gradle.cache.internal.DefaultFileLockManager] Releasing lock on daemon addresses registry.
2024-07-28T15:35:10.378+0200 [DEBUG] [org.gradle.process.internal.health.memory.DefaultMemoryManager] 800208076 physical memory requested, 700690432 free
2024-07-28T15:35:10.378+0200 [DEBUG] [org.gradle.workers.internal.WorkerDaemonExpiration] Will attempt to release 763 of memory
2024-07-28T15:35:10.378+0200 [DEBUG] [org.gradle.process.internal.health.memory.DefaultMemoryManager] 800208076 physical memory requested, 0 released, 700690432 free
2024-07-28T15:35:14.682+0200 [DEBUG] [org.gradle.cache.internal.DefaultFileLockManager] Waiting to acquire shared lock on daemon addresses registry.
2024-07-28T15:35:14.682+0200 [DEBUG] [org.gradle.cache.internal.DefaultFileLockManager] Lock acquired on daemon addresses registry.
2024-07-28T15:35:14.683+0200 [DEBUG] [org.gradle.cache.internal.DefaultFileLockManager] Releasing lock on daemon addresses registry.
2024-07-28T15:35:14.685+0200 [DEBUG] [org.gradle.cache.internal.DefaultFileLockManager] Waiting to acquire shared lock on daemon addresses registry.
2024-07-28T15:35:14.686+0200 [DEBUG] [org.gradle.cache.internal.DefaultFileLockManager] Lock acquired on daemon addresses registry.
2024-07-28T15:35:14.686+0200 [DEBUG] [org.gradle.cache.internal.DefaultFileLockManager] Releasing lock on daemon addresses registry.
2024-07-28T15:35:14.687+0200 [DEBUG] [org.gradle.launcher.daemon.server.health.LowMemoryDaemonExpirationStrategy] Nearing low physical memory threshold - OS memory {AvailableMemory[physical, total=8002080768, free=700690432], AvailableMemory[virtual, total=20886982656, free=5882535936]}
2024-07-28T15:35:14.688+0200 [DEBUG] [org.gradle.cache.internal.DefaultFileLockManager] Waiting to acquire shared lock on daemon addresses registry.
2024-07-28T15:35:14.689+0200 [DEBUG] [org.gradle.cache.internal.DefaultFileLockManager] Lock acquired on daemon addresses registry.
2024-07-28T15:35:14.689+0200 [DEBUG] [org.gradle.cache.internal.DefaultFileLockManager] Releasing lock on daemon addresses registry.
2024-07-28T15:35:15.386+0200 [DEBUG] [org.gradle.process.internal.health.memory.DefaultMemoryManager] 800208076 physical memory requested, 664600576 free
2024-07-28T15:35:15.387+0200 [DEBUG] [org.gradle.workers.internal.WorkerDaemonExpiration] Will attempt to release 763 of memory
2024-07-28T15:35:15.387+0200 [DEBUG] [org.gradle.process.internal.health.memory.DefaultMemoryManager] 800208076 physical memory requested, 0 released, 664600576 free
2024-07-28T15:35:20.390+0200 [DEBUG] [org.gradle.process.internal.health.memory.DefaultMemoryManager] 800208076 physical memory requested, 795381760 free
2024-07-28T15:35:20.391+0200 [DEBUG] [org.gradle.workers.internal.WorkerDaemonExpiration] Will attempt to release 763 of memory
2024-07-28T15:35:20.391+0200 [DEBUG] [org.gradle.process.internal.health.memory.DefaultMemoryManager] 800208076 physical memory requested, 0 released, 795381760 free
2024-07-28T15:35:24.679+0200 [DEBUG] [org.gradle.cache.internal.DefaultFileLockManager] Waiting to acquire shared lock on daemon addresses registry.
2024-07-28T15:35:24.679+0200 [DEBUG] [org.gradle.cache.internal.DefaultFileLockManager] Lock acquired on daemon addresses registry.
2024-07-28T15:35:24.679+0200 [DEBUG] [org.gradle.cache.internal.DefaultFileLockManager] Releasing lock on daemon addresses registry.
2024-07-28T15:35:24.681+0200 [DEBUG] [org.gradle.cache.internal.DefaultFileLockManager] Waiting to acquire shared lock on daemon addresses registry.
2024-07-28T15:35:24.682+0200 [DEBUG] [org.gradle.cache.internal.DefaultFileLockManager] Lock acquired on daemon addresses registry.
2024-07-28T15:35:24.682+0200 [DEBUG] [org.gradle.cache.internal.DefaultFileLockManager] Releasing lock on daemon addresses registry.
2024-07-28T15:35:24.682+0200 [DEBUG] [org.gradle.launcher.daemon.server.health.LowMemoryDaemonExpirationStrategy] Nearing low physical memory threshold - OS memory {AvailableMemory[physical, total=8002080768, free=795381760], AvailableMemory[virtual, total=20886982656, free=5828354048]}
2024-07-28T15:35:24.684+0200 [DEBUG] [org.gradle.cache.internal.DefaultFileLockManager] Waiting to acquire shared lock on daemon addresses registry.
2024-07-28T15:35:24.684+0200 [DEBUG] [org.gradle.cache.internal.DefaultFileLockManager] Lock acquired on daemon addresses registry.
2024-07-28T15:35:24.685+0200 [DEBUG] [org.gradle.cache.internal.DefaultFileLockManager] Releasing lock on daemon addresses registry.
2024-07-28T15:35:25.380+0200 [DEBUG] [org.gradle.process.internal.health.memory.DefaultMemoryManager] 800208076 physical memory requested, 603312128 free
2024-07-28T15:35:25.381+0200 [DEBUG] [org.gradle.workers.internal.WorkerDaemonExpiration] Will attempt to release 763 of memory
2024-07-28T15:35:25.381+0200 [DEBUG] [org.gradle.process.internal.health.memory.DefaultMemoryManager] 800208076 physical memory requested, 0 released, 603312128 free
2024-07-28T15:35:30.377+0200 [DEBUG] [org.gradle.process.internal.health.memory.DefaultMemoryManager] 800208076 physical memory requested, 628506624 free
2024-07-28T15:35:30.377+0200 [DEBUG] [org.gradle.workers.internal.WorkerDaemonExpiration] Will attempt to release 763 of memory
2024-07-28T15:35:30.377+0200 [DEBUG] [org.gradle.process.internal.health.memory.DefaultMemoryManager] 800208076 physical memory requested, 0 released, 628506624 free
2024-07-28T15:35:34.676+0200 [DEBUG] [org.gradle.cache.internal.DefaultFileLockManager] Waiting to acquire shared lock on daemon addresses registry.
2024-07-28T15:35:34.677+0200 [DEBUG] [org.gradle.cache.internal.DefaultFileLockManager] Lock acquired on daemon addresses registry.
2024-07-28T15:35:34.677+0200 [DEBUG] [org.gradle.cache.internal.DefaultFileLockManager] Releasing lock on daemon addresses registry.
2024-07-28T15:35:34.681+0200 [DEBUG] [org.gradle.cache.internal.DefaultFileLockManager] Waiting to acquire shared lock on daemon addresses registry.
2024-07-28T15:35:34.681+0200 [DEBUG] [org.gradle.cache.internal.DefaultFileLockManager] Lock acquired on daemon addresses registry.
2024-07-28T15:35:34.682+0200 [DEBUG] [org.gradle.cache.internal.DefaultFileLockManager] Releasing lock on daemon addresses registry.
2024-07-28T15:35:34.682+0200 [DEBUG] [org.gradle.launcher.daemon.server.health.LowMemoryDaemonExpirationStrategy] Nearing low physical memory threshold - OS memory {AvailableMemory[physical, total=8002080768, free=628506624], AvailableMemory[virtual, total=20886982656, free=5827706880]}
2024-07-28T15:35:34.685+0200 [DEBUG] [org.gradle.cache.internal.DefaultFileLockManager] Waiting to acquire shared lock on daemon addresses registry.
2024-07-28T15:35:34.686+0200 [DEBUG] [org.gradle.cache.internal.DefaultFileLockManager] Lock acquired on daemon addresses registry.
2024-07-28T15:35:34.687+0200 [DEBUG] [org.gradle.cache.internal.DefaultFileLockManager] Releasing lock on daemon addresses registry.
2024-07-28T15:35:35.383+0200 [DEBUG] [org.gradle.process.internal.health.memory.DefaultMemoryManager] 800208076 physical memory requested, 501571584 free
2024-07-28T15:35:35.383+0200 [DEBUG] [org.gradle.workers.internal.WorkerDaemonExpiration] Will attempt to release 763 of memory
2024-07-28T15:35:35.384+0200 [DEBUG] [org.gradle.process.internal.health.memory.DefaultMemoryManager] 800208076 physical memory requested, 0 released, 501571584 free
2024-07-28T15:35:40.392+0200 [DEBUG] [org.gradle.process.internal.health.memory.DefaultMemoryManager] 800208076 physical memory requested, 512028672 free
2024-07-28T15:35:40.392+0200 [DEBUG] [org.gradle.workers.internal.WorkerDaemonExpiration] Will attempt to release 763 of memory
2024-07-28T15:35:40.393+0200 [DEBUG] [org.gradle.process.internal.health.memory.DefaultMemoryManager] 800208076 physical memory requested, 0 released, 512028672 free
2024-07-28T15:35:44.677+0200 [DEBUG] [org.gradle.cache.internal.DefaultFileLockManager] Waiting to acquire shared lock on daemon addresses registry.
2024-07-28T15:35:44.677+0200 [DEBUG] [org.gradle.cache.internal.DefaultFileLockManager] Lock acquired on daemon addresses registry.
2024-07-28T15:35:44.678+0200 [DEBUG] [org.gradle.cache.internal.DefaultFileLockManager] Releasing lock on daemon addresses registry.
2024-07-28T15:35:44.680+0200 [DEBUG] [org.gradle.cache.internal.DefaultFileLockManager] Waiting to acquire shared lock on daemon addresses registry.
2024-07-28T15:35:44.680+0200 [DEBUG] [org.gradle.cache.internal.DefaultFileLockManager] Lock acquired on daemon addresses registry.
2024-07-28T15:35:44.681+0200 [DEBUG] [org.gradle.cache.internal.DefaultFileLockManager] Releasing lock on daemon addresses registry.
2024-07-28T15:35:44.681+0200 [DEBUG] [org.gradle.launcher.daemon.server.health.LowMemoryDaemonExpirationStrategy] Nearing low physical memory threshold - OS memory {AvailableMemory[physical, total=8002080768, free=512028672], AvailableMemory[virtual, total=20886982656, free=5760704512]}
2024-07-28T15:35:44.682+0200 [DEBUG] [org.gradle.cache.internal.DefaultFileLockManager] Waiting to acquire shared lock on daemon addresses registry.
2024-07-28T15:35:44.682+0200 [DEBUG] [org.gradle.cache.internal.DefaultFileLockManager] Lock acquired on daemon addresses registry.
2024-07-28T15:35:44.683+0200 [DEBUG] [org.gradle.cache.internal.DefaultFileLockManager] Releasing lock on daemon addresses registry.
2024-07-28T15:35:45.383+0200 [DEBUG] [org.gradle.process.internal.health.memory.DefaultMemoryManager] 800208076 physical memory requested, 744837120 free
2024-07-28T15:35:45.383+0200 [DEBUG] [org.gradle.workers.internal.WorkerDaemonExpiration] Will attempt to release 763 of memory
2024-07-28T15:35:45.383+0200 [DEBUG] [org.gradle.process.internal.health.memory.DefaultMemoryManager] 800208076 physical memory requested, 0 released, 744837120 free
2024-07-28T15:35:50.390+0200 [DEBUG] [org.gradle.process.internal.health.memory.DefaultMemoryManager] 800208076 physical memory requested, 733188096 free
2024-07-28T15:35:50.390+0200 [DEBUG] [org.gradle.workers.internal.WorkerDaemonExpiration] Will attempt to release 763 of memory
2024-07-28T15:35:50.390+0200 [DEBUG] [org.gradle.process.internal.health.memory.DefaultMemoryManager] 800208076 physical memory requested, 0 released, 733188096 free
2024-07-28T15:35:54.676+0200 [DEBUG] [org.gradle.cache.internal.DefaultFileLockManager] Waiting to acquire shared lock on daemon addresses registry.
2024-07-28T15:35:54.676+0200 [DEBUG] [org.gradle.cache.internal.DefaultFileLockManager] Lock acquired on daemon addresses registry.
2024-07-28T15:35:54.677+0200 [DEBUG] [org.gradle.cache.internal.DefaultFileLockManager] Releasing lock on daemon addresses registry.
2024-07-28T15:35:54.679+0200 [DEBUG] [org.gradle.cache.internal.DefaultFileLockManager] Waiting to acquire shared lock on daemon addresses registry.
2024-07-28T15:35:54.679+0200 [DEBUG] [org.gradle.cache.internal.DefaultFileLockManager] Lock acquired on daemon addresses registry.
2024-07-28T15:35:54.680+0200 [DEBUG] [org.gradle.cache.internal.DefaultFileLockManager] Releasing lock on daemon addresses registry.
2024-07-28T15:35:54.680+0200 [DEBUG] [org.gradle.launcher.daemon.server.health.LowMemoryDaemonExpirationStrategy] Nearing low physical memory threshold - OS memory {AvailableMemory[physical, total=8002080768, free=733188096], AvailableMemory[virtual, total=20886982656, free=5794390016]}
2024-07-28T15:35:54.681+0200 [DEBUG] [org.gradle.cache.internal.DefaultFileLockManager] Waiting to acquire shared lock on daemon addresses registry.
2024-07-28T15:35:54.681+0200 [DEBUG] [org.gradle.cache.internal.DefaultFileLockManager] Lock acquired on daemon addresses registry.
2024-07-28T15:35:54.682+0200 [DEBUG] [org.gradle.cache.internal.DefaultFileLockManager] Releasing lock on daemon addresses registry.
2024-07-28T15:36:00.392+0200 [DEBUG] [org.gradle.process.internal.health.memory.DefaultMemoryManager] 800208076 physical memory requested, 796884992 free
2024-07-28T15:36:00.392+0200 [DEBUG] [org.gradle.workers.internal.WorkerDaemonExpiration] Will attempt to release 763 of memory
2024-07-28T15:36:00.392+0200 [DEBUG] [org.gradle.process.internal.health.memory.DefaultMemoryManager] 800208076 physical memory requested, 0 released, 796884992 free
2024-07-28T15:36:04.684+0200 [DEBUG] [org.gradle.cache.internal.DefaultFileLockManager] Waiting to acquire shared lock on daemon addresses registry.
2024-07-28T15:36:04.684+0200 [DEBUG] [org.gradle.cache.internal.DefaultFileLockManager] Lock acquired on daemon addresses registry.
2024-07-28T15:36:04.685+0200 [DEBUG] [org.gradle.cache.internal.DefaultFileLockManager] Releasing lock on daemon addresses registry.
2024-07-28T15:36:04.690+0200 [DEBUG] [org.gradle.cache.internal.DefaultFileLockManager] Waiting to acquire shared lock on daemon addresses registry.
2024-07-28T15:36:04.691+0200 [DEBUG] [org.gradle.cache.internal.DefaultFileLockManager] Lock acquired on daemon addresses registry.
2024-07-28T15:36:04.691+0200 [DEBUG] [org.gradle.cache.internal.DefaultFileLockManager] Releasing lock on daemon addresses registry.
2024-07-28T15:36:04.692+0200 [DEBUG] [org.gradle.launcher.daemon.server.health.LowMemoryDaemonExpirationStrategy] Nearing low physical memory threshold - OS memory {AvailableMemory[physical, total=8002080768, free=796884992], AvailableMemory[virtual, total=20886982656, free=5898813440]}
2024-07-28T15:36:04.694+0200 [DEBUG] [org.gradle.cache.internal.DefaultFileLockManager] Waiting to acquire shared lock on daemon addresses registry.
2024-07-28T15:36:04.695+0200 [DEBUG] [org.gradle.cache.internal.DefaultFileLockManager] Lock acquired on daemon addresses registry.
2024-07-28T15:36:04.697+0200 [DEBUG] [org.gradle.cache.internal.DefaultFileLockManager] Releasing lock on daemon addresses registry.
2024-07-28T15:36:05.391+0200 [DEBUG] [org.gradle.process.internal.health.memory.DefaultMemoryManager] 800208076 physical memory requested, 780689408 free
2024-07-28T15:36:05.392+0200 [DEBUG] [org.gradle.workers.internal.WorkerDaemonExpiration] Will attempt to release 763 of memory
2024-07-28T15:36:05.392+0200 [DEBUG] [org.gradle.process.internal.health.memory.DefaultMemoryManager] 800208076 physical memory requested, 0 released, 780689408 free
2024-07-28T15:36:10.395+0200 [DEBUG] [org.gradle.process.internal.health.memory.DefaultMemoryManager] 800208076 physical memory requested, 548294656 free
2024-07-28T15:36:10.395+0200 [DEBUG] [org.gradle.workers.internal.WorkerDaemonExpiration] Will attempt to release 763 of memory
2024-07-28T15:36:10.396+0200 [DEBUG] [org.gradle.process.internal.health.memory.DefaultMemoryManager] 800208076 physical memory requested, 0 released, 548294656 free
2024-07-28T15:36:14.683+0200 [DEBUG] [org.gradle.cache.internal.DefaultFileLockManager] Waiting to acquire shared lock on daemon addresses registry.
2024-07-28T15:36:14.684+0200 [DEBUG] [org.gradle.cache.internal.DefaultFileLockManager] Lock acquired on daemon addresses registry.
2024-07-28T15:36:14.684+0200 [DEBUG] [org.gradle.cache.internal.DefaultFileLockManager] Releasing lock on daemon addresses registry.
2024-07-28T15:36:14.687+0200 [DEBUG] [org.gradle.cache.internal.DefaultFileLockManager] Waiting to acquire shared lock on daemon addresses registry.
2024-07-28T15:36:14.687+0200 [DEBUG] [org.gradle.cache.internal.DefaultFileLockManager] Lock acquired on daemon addresses registry.
2024-07-28T15:36:14.688+0200 [DEBUG] [org.gradle.cache.internal.DefaultFileLockManager] Releasing lock on daemon addresses registry.
2024-07-28T15:36:14.688+0200 [DEBUG] [org.gradle.launcher.daemon.server.health.LowMemoryDaemonExpirationStrategy] Nearing low physical memory threshold - OS memory {AvailableMemory[physical, total=8002080768, free=548294656], AvailableMemory[virtual, total=20886982656, free=5634138112]}
2024-07-28T15:36:14.690+0200 [DEBUG] [org.gradle.cache.internal.DefaultFileLockManager] Waiting to acquire shared lock on daemon addresses registry.
2024-07-28T15:36:14.690+0200 [DEBUG] [org.gradle.cache.internal.DefaultFileLockManager] Lock acquired on daemon addresses registry.
2024-07-28T15:36:14.691+0200 [DEBUG] [org.gradle.cache.internal.DefaultFileLockManager] Releasing lock on daemon addresses registry.
2024-07-28T15:36:15.392+0200 [DEBUG] [org.gradle.process.internal.health.memory.DefaultMemoryManager] 800208076 physical memory requested, 396161024 free
2024-07-28T15:36:15.393+0200 [DEBUG] [org.gradle.workers.internal.WorkerDaemonExpiration] Will attempt to release 763 of memory
2024-07-28T15:36:15.393+0200 [DEBUG] [org.gradle.process.internal.health.memory.DefaultMemoryManager] 800208076 physical memory requested, 0 released, 396161024 free
2024-07-28T15:36:20.389+0200 [DEBUG] [org.gradle.process.internal.health.memory.DefaultMemoryManager] 800208076 physical memory requested, 461365248 free
2024-07-28T15:36:20.390+0200 [DEBUG] [org.gradle.workers.internal.WorkerDaemonExpiration] Will attempt to release 763 of memory
2024-07-28T15:36:20.390+0200 [DEBUG] [org.gradle.process.internal.health.memory.DefaultMemoryManager] 800208076 physical memory requested, 0 released, 461365248 free
2024-07-28T15:36:24.688+0200 [DEBUG] [org.gradle.cache.internal.DefaultFileLockManager] Waiting to acquire shared lock on daemon addresses registry.
2024-07-28T15:36:24.688+0200 [DEBUG] [org.gradle.cache.internal.DefaultFileLockManager] Lock acquired on daemon addresses registry.
2024-07-28T15:36:24.689+0200 [DEBUG] [org.gradle.cache.internal.DefaultFileLockManager] Releasing lock on daemon addresses registry.
2024-07-28T15:36:24.691+0200 [DEBUG] [org.gradle.cache.internal.DefaultFileLockManager] Waiting to acquire shared lock on daemon addresses registry.
2024-07-28T15:36:24.692+0200 [DEBUG] [org.gradle.cache.internal.DefaultFileLockManager] Lock acquired on daemon addresses registry.
2024-07-28T15:36:24.693+0200 [DEBUG] [org.gradle.cache.internal.DefaultFileLockManager] Releasing lock on daemon addresses registry.
2024-07-28T15:36:24.693+0200 [DEBUG] [org.gradle.launcher.daemon.server.health.LowMemoryDaemonExpirationStrategy] Nearing low physical memory threshold - OS memory {AvailableMemory[physical, total=8002080768, free=461365248], AvailableMemory[virtual, total=20886982656, free=5920976896]}
2024-07-28T15:36:24.695+0200 [DEBUG] [org.gradle.cache.internal.DefaultFileLockManager] Waiting to acquire shared lock on daemon addresses registry.
2024-07-28T15:36:24.695+0200 [DEBUG] [org.gradle.cache.internal.DefaultFileLockManager] Lock acquired on daemon addresses registry.
2024-07-28T15:36:24.696+0200 [DEBUG] [org.gradle.cache.internal.DefaultFileLockManager] Releasing lock on daemon addresses registry.
2024-07-28T15:36:25.401+0200 [DEBUG] [org.gradle.process.internal.health.memory.DefaultMemoryManager] 800208076 physical memory requested, 390942720 free
2024-07-28T15:36:25.402+0200 [DEBUG] [org.gradle.workers.internal.WorkerDaemonExpiration] Will attempt to release 763 of memory
2024-07-28T15:36:25.403+0200 [DEBUG] [org.gradle.process.internal.health.memory.DefaultMemoryManager] 800208076 physical memory requested, 0 released, 390942720 free
2024-07-28T15:36:30.393+0200 [DEBUG] [org.gradle.process.internal.health.memory.DefaultMemoryManager] 800208076 physical memory requested, 559120384 free
2024-07-28T15:36:30.394+0200 [DEBUG] [org.gradle.workers.internal.WorkerDaemonExpiration] Will attempt to release 763 of memory
2024-07-28T15:36:30.394+0200 [DEBUG] [org.gradle.process.internal.health.memory.DefaultMemoryManager] 800208076 physical memory requested, 0 released, 559120384 free
2024-07-28T15:36:34.684+0200 [DEBUG] [org.gradle.cache.internal.DefaultFileLockManager] Waiting to acquire shared lock on daemon addresses registry.
2024-07-28T15:36:34.684+0200 [DEBUG] [org.gradle.cache.internal.DefaultFileLockManager] Lock acquired on daemon addresses registry.
2024-07-28T15:36:34.685+0200 [DEBUG] [org.gradle.cache.internal.DefaultFileLockManager] Releasing lock on daemon addresses registry.
2024-07-28T15:36:34.687+0200 [DEBUG] [org.gradle.cache.internal.DefaultFileLockManager] Waiting to acquire shared lock on daemon addresses registry.
2024-07-28T15:36:34.688+0200 [DEBUG] [org.gradle.cache.internal.DefaultFileLockManager] Lock acquired on daemon addresses registry.
2024-07-28T15:36:34.688+0200 [DEBUG] [org.gradle.cache.internal.DefaultFileLockManager] Releasing lock on daemon addresses registry.
2024-07-28T15:36:34.689+0200 [DEBUG] [org.gradle.launcher.daemon.server.health.LowMemoryDaemonExpirationStrategy] Nearing low physical memory threshold - OS memory {AvailableMemory[physical, total=8002080768, free=559120384], AvailableMemory[virtual, total=20886982656, free=5893976064]}
2024-07-28T15:36:34.690+0200 [DEBUG] [org.gradle.cache.internal.DefaultFileLockManager] Waiting to acquire shared lock on daemon addresses registry.
2024-07-28T15:36:34.690+0200 [DEBUG] [org.gradle.cache.internal.DefaultFileLockManager] Lock acquired on daemon addresses registry.
2024-07-28T15:36:34.691+0200 [DEBUG] [org.gradle.cache.internal.DefaultFileLockManager] Releasing lock on daemon addresses registry.
2024-07-28T15:36:35.404+0200 [DEBUG] [org.gradle.process.internal.health.memory.DefaultMemoryManager] 800208076 physical memory requested, 440291328 free
2024-07-28T15:36:35.405+0200 [DEBUG] [org.gradle.workers.internal.WorkerDaemonExpiration] Will attempt to release 763 of memory
2024-07-28T15:36:35.405+0200 [DEBUG] [org.gradle.process.internal.health.memory.DefaultMemoryManager] 800208076 physical memory requested, 0 released, 440291328 free
2024-07-28T15:36:40.394+0200 [DEBUG] [org.gradle.process.internal.health.memory.DefaultMemoryManager] 800208076 physical memory requested, 443764736 free
2024-07-28T15:36:40.395+0200 [DEBUG] [org.gradle.workers.internal.WorkerDaemonExpiration] Will attempt to release 763 of memory
2024-07-28T15:36:40.395+0200 [DEBUG] [org.gradle.process.internal.health.memory.DefaultMemoryManager] 800208076 physical memory requested, 0 released, 443764736 free
2024-07-28T15:36:44.682+0200 [DEBUG] [org.gradle.cache.internal.DefaultFileLockManager] Waiting to acquire shared lock on daemon addresses registry.
2024-07-28T15:36:44.683+0200 [DEBUG] [org.gradle.cache.internal.DefaultFileLockManager] Lock acquired on daemon addresses registry.
2024-07-28T15:36:44.683+0200 [DEBUG] [org.gradle.cache.internal.DefaultFileLockManager] Releasing lock on daemon addresses registry.
2024-07-28T15:36:44.687+0200 [DEBUG] [org.gradle.cache.internal.DefaultFileLockManager] Waiting to acquire shared lock on daemon addresses registry.
2024-07-28T15:36:44.688+0200 [DEBUG] [org.gradle.cache.internal.DefaultFileLockManager] Lock acquired on daemon addresses registry.
2024-07-28T15:36:44.688+0200 [DEBUG] [org.gradle.cache.internal.DefaultFileLockManager] Releasing lock on daemon addresses registry.
2024-07-28T15:36:44.689+0200 [DEBUG] [org.gradle.launcher.daemon.server.health.LowMemoryDaemonExpirationStrategy] Nearing low physical memory threshold - OS memory {AvailableMemory[physical, total=8002080768, free=443764736], AvailableMemory[virtual, total=20886982656, free=5777731584]}
2024-07-28T15:36:44.690+0200 [DEBUG] [org.gradle.cache.internal.DefaultFileLockManager] Waiting to acquire shared lock on daemon addresses registry.
2024-07-28T15:36:44.690+0200 [DEBUG] [org.gradle.cache.internal.DefaultFileLockManager] Lock acquired on daemon addresses registry.
2024-07-28T15:36:44.691+0200 [DEBUG] [org.gradle.cache.internal.DefaultFileLockManager] Releasing lock on daemon addresses registry.
2024-07-28T15:36:45.392+0200 [DEBUG] [org.gradle.process.internal.health.memory.DefaultMemoryManager] 800208076 physical memory requested, 448532480 free
2024-07-28T15:36:45.392+0200 [DEBUG] [org.gradle.workers.internal.WorkerDaemonExpiration] Will attempt to release 763 of memory
2024-07-28T15:36:45.392+0200 [DEBUG] [org.gradle.process.internal.health.memory.DefaultMemoryManager] 800208076 physical memory requested, 0 released, 448532480 free
2024-07-28T15:36:50.409+0200 [DEBUG] [org.gradle.process.internal.health.memory.DefaultMemoryManager] 800208076 physical memory requested, 389996544 free
2024-07-28T15:36:50.409+0200 [DEBUG] [org.gradle.workers.internal.WorkerDaemonExpiration] Will attempt to release 763 of memory
2024-07-28T15:36:50.409+0200 [DEBUG] [org.gradle.process.internal.health.memory.DefaultMemoryManager] 800208076 physical memory requested, 0 released, 389996544 free
2024-07-28T15:36:54.691+0200 [DEBUG] [org.gradle.cache.internal.DefaultFileLockManager] Waiting to acquire shared lock on daemon addresses registry.
2024-07-28T15:36:54.693+0200 [DEBUG] [org.gradle.cache.internal.DefaultFileLockManager] Lock acquired on daemon addresses registry.
2024-07-28T15:36:54.694+0200 [DEBUG] [org.gradle.cache.internal.DefaultFileLockManager] Releasing lock on daemon addresses registry.
2024-07-28T15:36:54.696+0200 [DEBUG] [org.gradle.cache.internal.DefaultFileLockManager] Waiting to acquire shared lock on daemon addresses registry.
2024-07-28T15:36:54.696+0200 [DEBUG] [org.gradle.cache.internal.DefaultFileLockManager] Lock acquired on daemon addresses registry.
2024-07-28T15:36:54.697+0200 [DEBUG] [org.gradle.cache.internal.DefaultFileLockManager] Releasing lock on daemon addresses registry.
2024-07-28T15:36:54.705+0200 [INFO] [org.gradle.launcher.daemon.server.health.LowMemoryDaemonExpirationStrategy] after free system physical memory (371.9 MiB) fell below threshold of 384 MiB
2024-07-28T15:36:54.715+0200 [DEBUG] [org.gradle.cache.internal.DefaultFileLockManager] Waiting to acquire shared lock on daemon addresses registry.
2024-07-28T15:36:54.716+0200 [DEBUG] [org.gradle.cache.internal.DefaultFileLockManager] Lock acquired on daemon addresses registry.
2024-07-28T15:36:54.716+0200 [DEBUG] [org.gradle.cache.internal.DefaultFileLockManager] Releasing lock on daemon addresses registry.
2024-07-28T15:36:54.728+0200 [DEBUG] [org.gradle.launcher.daemon.server.DaemonRegistryUpdater] Storing daemon stop event: after being idle for 2 minutes and not recently used and to reclaim system physical memory
2024-07-28T15:36:54.731+0200 [DEBUG] [org.gradle.launcher.daemon.registry.PersistentDaemonRegistry] Storing daemon stop event with timestamp 1722173814730
2024-07-28T15:36:54.768+0200 [DEBUG] [org.gradle.cache.internal.DefaultFileLockManager] Waiting to acquire exclusive lock on daemon addresses registry.
2024-07-28T15:36:54.776+0200 [DEBUG] [org.gradle.cache.internal.DefaultFileLockManager] Lock acquired on daemon addresses registry.
2024-07-28T15:36:54.784+0200 [DEBUG] [org.gradle.cache.internal.DefaultFileLockManager] Releasing lock on daemon addresses registry.
2024-07-28T15:36:54.786+0200 [LIFECYCLE] [org.gradle.launcher.daemon.server.DaemonStateCoordinator] Daemon will be stopped at the end of the build after being idle for 2 minutes and not recently used and to reclaim system physical memory
2024-07-28T15:36:54.787+0200 [DEBUG] [org.gradle.launcher.daemon.server.DaemonStateCoordinator] Marking daemon stopped due to after being idle for 2 minutes and not recently used and to reclaim system physical memory. The daemon is running a build: false
2024-07-28T15:36:54.793+0200 [DEBUG] [org.gradle.launcher.daemon.server.DaemonStateCoordinator] daemon has stopped.
2024-07-28T15:36:54.794+0200 [DEBUG] [org.gradle.launcher.daemon.server.Daemon] stop() called on daemon
2024-07-28T15:36:54.794+0200 [INFO] [org.gradle.launcher.daemon.server.Daemon] Stop requested. Daemon is removing its presence from the registry...
2024-07-28T15:36:54.802+0200 [DEBUG] [org.gradle.launcher.daemon.server.DaemonRegistryUpdater] Removing our presence to clients, eg. removing this address from the registry: [af5a0e03-720f-4f30-ad94-dfc5a468397b port:53751, addresses:[localhost/127.0.0.1]]
2024-07-28T15:36:54.806+0200 [DEBUG] [org.gradle.launcher.daemon.registry.PersistentDaemonRegistry] Removing daemon address: [af5a0e03-720f-4f30-ad94-dfc5a468397b port:53751, addresses:[localhost/127.0.0.1]]
2024-07-28T15:36:54.814+0200 [DEBUG] [org.gradle.cache.internal.DefaultFileLockManager] Waiting to acquire exclusive lock on daemon addresses registry.
2024-07-28T15:36:54.815+0200 [DEBUG] [org.gradle.cache.internal.DefaultFileLockManager] Lock acquired on daemon addresses registry.
2024-07-28T15:36:54.824+0200 [DEBUG] [org.gradle.cache.internal.DefaultFileLockManager] Releasing lock on daemon addresses registry.
2024-07-28T15:36:54.827+0200 [DEBUG] [org.gradle.launcher.daemon.server.DaemonRegistryUpdater] Address removed from registry.
2024-07-28T15:36:55.154+0200 [DEBUG] [org.gradle.cache.internal.DefaultPersistentDirectoryStore] jars (C:\Users\Name\Desktop\chaquopy-matplotlib-master\gradle\caches\jars-9) has last been fully cleaned up 0 hours ago
2024-07-28T15:36:55.185+0200 [DEBUG] [org.gradle.internal.watch.vfs.impl.WatchingVirtualFileSystem] Closing VFS, dropping state
2024-07-28T15:36:55.223+0200 [DEBUG] [org.gradle.cache.internal.DefaultCacheCoordinator] Cache Generated Gradle JARs cache (C:\Users\Name\Desktop\chaquopy-matplotlib-master\gradle\caches\8.7\generated-gradle-jars) was closed 0 times.
2024-07-28T15:36:55.224+0200 [DEBUG] [org.gradle.internal.watch.registry.impl.DefaultFileWatcherRegistry] Finished listening to file system change events
2024-07-28T15:36:55.227+0200 [DEBUG] [org.gradle.cache.internal.DefaultPersistentDirectoryStore] Artifact transforms cache (C:\Users\Name\Desktop\chaquopy-matplotlib-master\gradle\caches\transforms-4) has last been fully cleaned up 0 hours ago
2024-07-28T15:36:55.228+0200 [DEBUG] [org.gradle.cache.internal.DefaultCacheCoordinator] Cache Artifact transforms cache (C:\Users\Name\Desktop\chaquopy-matplotlib-master\gradle\caches\transforms-4) was closed 0 times.
2024-07-28T15:36:55.229+0200 [DEBUG] [org.gradle.cache.internal.DefaultPersistentDirectoryStore] artifact cache (C:\Users\Name\Desktop\chaquopy-matplotlib-master\gradle\caches\modules-2) has last been fully cleaned up 0 hours ago
2024-07-28T15:36:55.234+0200 [DEBUG] [org.gradle.cache.internal.DefaultPersistentDirectoryStore] groovy-dsl (C:\Users\Name\Desktop\chaquopy-matplotlib-master\gradle\caches\8.7\groovy-dsl) has last been fully cleaned up 0 hours ago
2024-07-28T15:36:55.234+0200 [DEBUG] [org.gradle.cache.internal.DefaultCacheCoordinator] Cache groovy-dsl (C:\Users\Name\Desktop\chaquopy-matplotlib-master\gradle\caches\8.7\groovy-dsl) was closed 0 times.
2024-07-28T15:36:55.265+0200 [DEBUG] [org.gradle.launcher.daemon.registry.PersistentDaemonRegistry] Removing daemon address: [af5a0e03-720f-4f30-ad94-dfc5a468397b port:53751, addresses:[localhost/127.0.0.1]]
Daemon vm is shutting down... The daemon has exited normally or was terminated in response to a user interrupt.
2024-07-28T15:36:55.267+0200 [DEBUG] [org.gradle.cache.internal.DefaultFileLockManager] Waiting to acquire exclusive lock on daemon addresses registry.
2024-07-28T15:36:55.268+0200 [DEBUG] [org.gradle.cache.internal.DefaultFileLockManager] Lock acquired on daemon addresses registry.
2024-07-28T15:36:55.272+0200 [DEBUG] [org.gradle.cache.internal.DefaultFileLockManager] Releasing lock on daemon addresses registry.
